<?xml version="1.0" encoding="UTF-8"?>
<!-- Generated by org.testng.reporters.JUnitReportReporter -->
<testsuite skipped="0" hostname="APPAN-PC" name="parameterization.GetRequestWithQueryParameters" tests="1" failures="0" timestamp="2020-07-18T21:35:05 IST" time="8.813" errors="0">
  <testcase name="filterUser" time="8.813" classname="parameterization.GetRequestWithQueryParameters"/>
  <system-out/>
</testsuite> <!-- parameterization.GetRequestWithQueryParameters -->
