<?xml version="1.0" encoding="UTF-8"?>
<!-- Generated by org.testng.reporters.JUnitReportReporter -->
<testsuite skipped="0" hostname="APPAN-PC" name="reqres.in.POST" tests="1" failures="0" timestamp="2020-07-12T17:56:37 IST" time="11.034" errors="0">
  <testcase name="createUser" time="11.034" classname="reqres.in.POST"/>
  <system-out/>
</testsuite> <!-- reqres.in.POST -->
