<?xml version="1.0" encoding="UTF-8"?>
<!-- Generated by org.testng.reporters.JUnitReportReporter -->
<testsuite skipped="0" hostname="APPAN-PC" name="data_driven_testing.POST_ExcelData" tests="1" failures="0" timestamp="2020-07-18T19:30:09 IST" time="10.618" errors="0">
  <testcase name="createUsers" time="10.618" classname="data_driven_testing.POST_ExcelData"/>
  <system-out/>
</testsuite> <!-- data_driven_testing.POST_ExcelData -->
