<?xml version="1.0" encoding="UTF-8"?>
<!-- Generated by org.testng.reporters.JUnitReportReporter -->
<testsuite skipped="0" hostname="APPAN-PC" name="reqres.in.PATCH" tests="1" failures="0" timestamp="2020-07-12T18:00:29 IST" time="9.776" errors="0">
  <testcase name="createUser" time="9.776" classname="reqres.in.PATCH"/>
  <system-out/>
</testsuite> <!-- reqres.in.PATCH -->
