<?xml version="1.0" encoding="UTF-8"?>
<!-- Generated by org.testng.reporters.JUnitReportReporter -->
<testsuite skipped="0" hostname="APPAN-PC" name="data_driven_testing.DELETE_DataProvider" tests="2" failures="0" timestamp="2020-07-12T21:47:20 IST" time="6.911" errors="0">
  <testcase name="deleteUser" time="6.827" classname="data_driven_testing.DELETE_DataProvider"/>
  <system-out/>
  <testcase name="deleteUser" time="0.084" classname="data_driven_testing.DELETE_DataProvider"/>
  <system-out/>
</testsuite> <!-- data_driven_testing.DELETE_DataProvider -->
