<?xml version="1.0" encoding="UTF-8"?>
<!-- Generated by org.testng.reporters.JUnitReportReporter -->
<testsuite skipped="0" hostname="APPAN-PC" name="nasaAPI.MarsRover" tests="1" failures="0" timestamp="2020-07-19T19:53:49 IST" time="30.766" errors="0">
  <testcase name="testAsteroids" time="30.766" classname="nasaAPI.MarsRover"/>
  <system-out/>
</testsuite> <!-- nasaAPI.MarsRover -->
