<?xml version="1.0" encoding="UTF-8"?>
<!-- Generated by org.testng.reporters.JUnitReportReporter -->
<testsuite skipped="0" hostname="APPAN-PC" name="nasaAPI.APOD2" tests="1" failures="0" timestamp="2020-07-19T19:04:35 IST" time="11.936" errors="0">
  <testcase name="testAPOD" time="11.936" classname="nasaAPI.APOD2"/>
  <system-out/>
</testsuite> <!-- nasaAPI.APOD2 -->
