<?xml version="1.0" encoding="UTF-8"?>
<!-- Generated by org.testng.reporters.JUnitReportReporter -->
<testsuite skipped="0" hostname="APPAN-PC" name="jsonDataExtraction.JsonDataExtractionDiffWays" tests="1" failures="0" timestamp="2021-07-09T23:16:08 IST" time="11.984" errors="0">
  <testcase name="getMyProfile" time="11.984" classname="jsonDataExtraction.JsonDataExtractionDiffWays"/>
  <system-out/>
</testsuite> <!-- jsonDataExtraction.JsonDataExtractionDiffWays -->
