<?xml version="1.0" encoding="UTF-8"?>
<!-- Generated by org.testng.reporters.JUnitReportReporter -->
<testsuite skipped="0" hostname="APPAN-PC" name="fileUpload.UploadMultiPartFile" tests="1" failures="0" timestamp="2020-07-19T01:49:19 IST" time="7.724" errors="0">
  <testcase name="uploadFile" time="7.724" classname="fileUpload.UploadMultiPartFile"/>
  <system-out/>
</testsuite> <!-- fileUpload.UploadMultiPartFile -->
