<?xml version="1.0" encoding="UTF-8"?>
<!-- Generated by org.testng.reporters.JUnitReportReporter -->
<testsuite skipped="0" hostname="APPAN-PC" name="reqres.in.DELETE" tests="1" failures="0" timestamp="2020-07-12T19:34:17 IST" time="11.178" errors="0">
  <testcase name="deleteUser" time="11.178" classname="reqres.in.DELETE"/>
  <system-out/>
</testsuite> <!-- reqres.in.DELETE -->
