<?xml version="1.0" encoding="UTF-8"?>
<!-- Generated by org.testng.reporters.JUnitReportReporter -->
<testsuite skipped="0" hostname="APPAN-PC" name="data_driven_testing.POST_DataProvider" tests="2" failures="0" timestamp="2020-07-12T21:45:26 IST" time="8.822" errors="0">
  <testcase name="createUser" time="0.185" classname="data_driven_testing.POST_DataProvider"/>
  <system-out/>
  <testcase name="createUser" time="8.637" classname="data_driven_testing.POST_DataProvider"/>
  <system-out/>
</testsuite> <!-- data_driven_testing.POST_DataProvider -->
