<?xml version="1.0" encoding="UTF-8"?>
<!-- Generated by org.testng.reporters.JUnitReportReporter -->
<testsuite skipped="0" hostname="APPAN-PC" name="nasaAPI.NASA" tests="1" failures="0" timestamp="2020-07-19T17:42:03 IST" time="12.206" errors="0">
  <testcase name="testAPOD" time="12.206" classname="nasaAPI.NASA"/>
  <system-out/>
</testsuite> <!-- nasaAPI.NASA -->
