<?xml version="1.0" encoding="UTF-8"?>
<!-- Generated by org.testng.reporters.JUnitReportReporter -->
<testsuite skipped="0" hostname="APPAN-PC" name="parameterization.PathParameter" tests="1" failures="0" timestamp="2020-07-19T14:38:50 IST" time="7.951" errors="0">
  <testcase name="filterUser" time="7.951" classname="parameterization.PathParameter"/>
  <system-out/>
</testsuite> <!-- parameterization.PathParameter -->
