<?xml version="1.0" encoding="UTF-8"?>
<!-- Generated by org.testng.reporters.JUnitReportReporter -->
<testsuite skipped="0" hostname="APPAN-PC" name="chaining.APIChaining_PUT" tests="1" failures="0" timestamp="2020-07-18T13:35:54 IST" time="12.147" errors="0">
  <testcase name="getUsers" time="12.147" classname="chaining.APIChaining_PUT"/>
  <system-out/>
</testsuite> <!-- chaining.APIChaining_PUT -->
