<?xml version="1.0" encoding="UTF-8"?>
<!-- Generated by org.testng.reporters.JUnitReportReporter -->
<testsuite skipped="0" hostname="APPAN-PC" name="chaining.ExtractJSONData" tests="2" failures="0" timestamp="2020-07-18T12:22:00 IST" time="14.817" errors="0">
  <testcase name="getUsers" time="3.067" classname="chaining.ExtractJSONData"/>
  <system-out/>
  <testcase name="getStudents" time="11.750" classname="chaining.ExtractJSONData"/>
  <system-out/>
</testsuite> <!-- chaining.ExtractJSONData -->
