<?xml version="1.0" encoding="UTF-8"?>
<!-- Generated by org.testng.reporters.JUnitReportReporter -->
<testsuite skipped="0" hostname="APPAN-PC" name="localAPI.PATCH" tests="1" failures="0" timestamp="2020-07-12T20:10:15 IST" time="7.179" errors="0">
  <testcase name="partialUpdateUser" time="7.179" classname="localAPI.PATCH"/>
  <system-out/>
</testsuite> <!-- localAPI.PATCH -->
