<?xml version="1.0" encoding="UTF-8"?>
<!-- Generated by org.testng.reporters.JUnitReportReporter -->
<testsuite skipped="0" hostname="APPAN-PC" name="localAPI.PUT" tests="1" failures="0" timestamp="2020-07-12T20:07:08 IST" time="7.136" errors="0">
  <testcase name="updateUser" time="7.136" classname="localAPI.PUT"/>
  <system-out/>
</testsuite> <!-- localAPI.PUT -->
