<?xml version="1.0" encoding="UTF-8"?>
<!-- Generated by org.testng.reporters.JUnitReportReporter -->
<testsuite skipped="0" hostname="APPAN-PC" name="simplePayload.DeSerialization" tests="1" failures="0" timestamp="2020-07-19T22:49:24 IST" time="7.618" errors="0">
  <testcase name="JSON_to_POJO" time="7.618" classname="simplePayload.DeSerialization"/>
  <system-out/>
</testsuite> <!-- simplePayload.DeSerialization -->
