<?xml version="1.0" encoding="UTF-8"?>
<!-- Generated by org.testng.reporters.JUnitReportReporter -->
<testsuite skipped="0" hostname="APPAN-PC" name="nasaAPI.APOD" tests="2" failures="0" timestamp="2021-07-08T23:47:37 IST" time="17.758" errors="0">
  <testcase name="testAPODUsingPathParams" time="14.149" classname="nasaAPI.APOD"/>
  <system-out/>
  <testcase name="testAPODUsingQueryParams" time="3.609" classname="nasaAPI.APOD"/>
  <system-out/>
</testsuite> <!-- nasaAPI.APOD -->
