<?xml version="1.0" encoding="UTF-8"?>
<!-- Generated by org.testng.reporters.JUnitReportReporter -->
<testsuite skipped="0" hostname="APPAN-PC" name="simplePayload.Serialization" tests="1" failures="0" timestamp="2020-07-19T22:52:36 IST" time="7.880" errors="0">
  <testcase name="POJO_to_JSON" time="7.880" classname="simplePayload.Serialization"/>
  <system-out/>
</testsuite> <!-- simplePayload.Serialization -->
