<?xml version="1.0" encoding="UTF-8"?>
<!-- Generated by org.testng.reporters.JUnitReportReporter -->
<testsuite skipped="0" hostname="APPAN-PC" name="chaining.APIChaining_POST" tests="1" failures="0" timestamp="2020-07-18T13:31:46 IST" time="11.572" errors="0">
  <testcase name="getUsers" time="11.572" classname="chaining.APIChaining_POST"/>
  <system-out/>
</testsuite> <!-- chaining.APIChaining_POST -->
