<?xml version="1.0" encoding="UTF-8"?>
<!-- Generated by org.testng.reporters.JUnitReportReporter -->
<testsuite skipped="0" hostname="APPAN-PC" name="serialization.TestSerialization" tests="1" failures="0" timestamp="2020-07-18T22:36:28 IST" time="9.016" errors="0">
  <testcase name="testSerialization" time="9.016" classname="serialization.TestSerialization"/>
  <system-out/>
</testsuite> <!-- serialization.TestSerialization -->
