<?xml version="1.0" encoding="UTF-8"?>
<!-- Generated by org.testng.reporters.JUnitReportReporter -->
<testsuite skipped="0" hostname="APPAN-PC" name="localAPI.GET" tests="2" failures="0" timestamp="2020-07-12T19:40:54 IST" time="7.215" errors="0">
  <testcase name="getTools" time="7.094" classname="localAPI.GET"/>
  <system-out/>
  <testcase name="getUsers" time="0.121" classname="localAPI.GET"/>
  <system-out/>
</testsuite> <!-- localAPI.GET -->
