<?xml version="1.0" encoding="UTF-8"?>
<!-- Generated by org.testng.reporters.JUnitReportReporter -->
<testsuite skipped="0" hostname="APPAN-PC" name="jsonParsing.ParseJsonResponse" tests="1" failures="0" timestamp="2021-07-08T20:59:26 IST" time="22.058" errors="0">
  <testcase name="testJsonParsing" time="22.058" classname="jsonParsing.ParseJsonResponse"/>
  <system-out/>
</testsuite> <!-- jsonParsing.ParseJsonResponse -->
