<?xml version="1.0" encoding="UTF-8"?>
<!-- Generated by org.testng.reporters.JUnitReportReporter -->
<testsuite skipped="0" hostname="APPAN-PC" name="localAPI.DELETE" tests="1" failures="0" timestamp="2020-07-12T20:21:07 IST" time="7.337" errors="0">
  <testcase name="deleteUser" time="7.337" classname="localAPI.DELETE"/>
  <system-out/>
</testsuite> <!-- localAPI.DELETE -->
