<?xml version="1.0" encoding="UTF-8"?>
<!-- Generated by org.testng.reporters.JUnitReportReporter -->
<testsuite skipped="0" hostname="APPAN-PC" name="schema.TestJsonSchema" tests="1" failures="0" timestamp="2020-07-19T00:53:31 IST" time="9.904" errors="0">
  <testcase name="testJsonSchema" time="9.904" classname="schema.TestJsonSchema"/>
  <system-out/>
</testsuite> <!-- schema.TestJsonSchema -->
