<?xml version="1.0" encoding="UTF-8"?>
<!-- Generated by org.testng.reporters.JUnitReportReporter -->
<testsuite skipped="0" hostname="APPAN-PC" name="parameterization.QueryParameter" tests="1" failures="0" timestamp="2020-07-19T15:24:34 IST" time="9.580" errors="0">
  <testcase name="filterUser" time="9.580" classname="parameterization.QueryParameter"/>
  <system-out/>
</testsuite> <!-- parameterization.QueryParameter -->
