<?xml version="1.0" encoding="UTF-8"?>
<!-- Generated by org.testng.reporters.JUnitReportReporter -->
<testsuite skipped="0" hostname="APPAN-PC" name="reqres.in.GET" tests="12" failures="0" timestamp="2020-07-12T17:37:40 IST" time="29.092" errors="0">
  <testcase name="checkStatusCode2_REQ1" time="1.258" classname="reqres.in.GET"/>
  <system-out/>
  <testcase name="logResponse_REQ2" time="1.222" classname="reqres.in.GET"/>
  <system-out/>
  <testcase name="checkDataElements1_REQ1" time="12.718" classname="reqres.in.GET"/>
  <system-out/>
  <testcase name="checkStatusCode2_REQ2" time="1.204" classname="reqres.in.GET"/>
  <system-out/>
  <testcase name="checkDataElements1_REQ2" time="8.665" classname="reqres.in.GET"/>
  <system-out/>
  <testcase name="printResponseAttributes_REQ1" time="0.004" classname="reqres.in.GET"/>
  <system-out/>
  <testcase name="checkDataElements2_REQ1" time="1.283" classname="reqres.in.GET"/>
  <system-out/>
  <testcase name="checkStatusCode1_REQ1" time="0.014" classname="reqres.in.GET"/>
  <system-out/>
  <testcase name="checkDataElements2_REQ2" time="1.349" classname="reqres.in.GET"/>
  <system-out/>
  <testcase name="printResponseAttributes_REQ2" time="0.026" classname="reqres.in.GET"/>
  <system-out/>
  <testcase name="checkStatusCode1_REQ2" time="0.006" classname="reqres.in.GET"/>
  <system-out/>
  <testcase name="logResponse_REQ1" time="1.343" classname="reqres.in.GET"/>
  <system-out/>
</testsuite> <!-- reqres.in.GET -->
