<?xml version="1.0" encoding="UTF-8"?>
<!-- Generated by org.testng.reporters.JUnitReportReporter -->
<testsuite skipped="0" hostname="APPAN-PC" name="data_driven_testing.POST_DataProvider2" tests="2" failures="0" timestamp="2020-07-12T21:46:34 IST" time="6.975" errors="0">
  <testcase name="createUser" time="0.098" classname="data_driven_testing.POST_DataProvider2"/>
  <system-out/>
  <testcase name="createUser" time="6.877" classname="data_driven_testing.POST_DataProvider2"/>
  <system-out/>
</testsuite> <!-- data_driven_testing.POST_DataProvider2 -->
