<?xml version="1.0" encoding="UTF-8"?>
<!-- Generated by org.testng.reporters.JUnitReportReporter -->
<testsuite skipped="0" hostname="APPAN-PC" name="reqres.in.PUT" tests="1" failures="0" timestamp="2020-07-12T17:59:56 IST" time="10.258" errors="0">
  <testcase name="createUser" time="10.258" classname="reqres.in.PUT"/>
  <system-out/>
</testsuite> <!-- reqres.in.PUT -->
