<?xml version="1.0" encoding="UTF-8"?>
<!-- Generated by org.testng.reporters.JUnitReportReporter -->
<testsuite skipped="0" hostname="APPAN-PC" name="authentication.OAuth2_AuthDemo2" tests="1" failures="0" timestamp="2020-07-19T16:46:54 IST" time="7.787" errors="0">
  <testcase name="testAuthDemo" time="7.787" classname="authentication.OAuth2_AuthDemo2"/>
  <system-out/>
</testsuite> <!-- authentication.OAuth2_AuthDemo2 -->
