<?xml version="1.0" encoding="UTF-8"?>
<!-- Generated by org.testng.reporters.JUnitReportReporter -->
<testsuite skipped="0" hostname="APPAN-PC" name="localAPI.POST" tests="2" failures="0" timestamp="2020-07-12T20:00:03 IST" time="7.163" errors="0">
  <testcase name="createTool" time="7.053" classname="localAPI.POST"/>
  <system-out/>
  <testcase name="createUser" time="0.110" classname="localAPI.POST"/>
  <system-out/>
</testsuite> <!-- localAPI.POST -->
