<?xml version="1.0" encoding="UTF-8"?>
<!-- Generated by org.testng.reporters.JUnitReportReporter -->
<testsuite skipped="0" hostname="APPAN-PC" name="data_driven_testing.DELETE_Parameters" tests="1" failures="0" timestamp="2020-07-12T22:11:38 IST" time="8.705" errors="0">
  <testcase name="deleteUser" time="8.705" classname="data_driven_testing.DELETE_Parameters"/>
  <system-out/>
</testsuite> <!-- data_driven_testing.DELETE_Parameters -->
