<?xml version="1.0" encoding="UTF-8"?>
<!-- Generated by org.testng.reporters.JUnitReportReporter -->
<testsuite skipped="0" hostname="APPAN-PC" name="chaining.APIChaining" tests="1" failures="0" timestamp="2020-07-18T13:10:49 IST" time="11.714" errors="0">
  <testcase name="getUsers" time="11.714" classname="chaining.APIChaining"/>
  <system-out/>
</testsuite> <!-- chaining.APIChaining -->
