<?xml version="1.0" encoding="UTF-8"?>
<!-- Generated by org.testng.reporters.JUnitReportReporter -->
<testsuite skipped="0" hostname="APPAN-PC" name="payload.TestSerialization" tests="1" failures="0" timestamp="2020-07-19T21:53:25 IST" time="10.064" errors="0">
  <testcase name="POJO_to_JSON" time="10.064" classname="payload.TestSerialization"/>
  <system-out/>
</testsuite> <!-- payload.TestSerialization -->
